{
  "RSpec": {
    "coverage": {
      "/Users/josh/Documents/Work/MuheimWebdesign/headhunter/spec/headhunter/local_response_spec.rb": [
        1,
        null,
        1,
        1,
        1,
        2,
        null,
        null,
        null,
        null,
        null,
        null,
        null,
        null,
        null,
        null,
        null,
        null,
        2,
        null,
        1,
        1,
        null,
        null,
        null,
        1,
        1,
        2,
        null,
        null,
        null,
        null,
        null,
        null,
        null,
        null,
        null,
        null,
        null,
        null,
        2,
        null,
        1,
        1,
        null,
        null,
        null
      ]
    },
    "timestamp": 1392234498
  }
}
